Assembler report for SCOMP
Thu Mar 27 20:21:55 2025
Quartus Prime Version 20.1.1 Build 720 11/11/2020 SJ Lite Edition


---------------------
; Table of Contents ;
---------------------
  1. Legal Notice
  2. Assembler Summary
  3. Assembler Settings
  4. Assembler Encrypted IP Cores Summary
  5. Assembler Generated Files
  6. Assembler Device Options: D:/Quartus Prime Lite/ECE2031/Final Proj/ECE2031_FinalProject/output_files/SCOMP.sof
  7. Assembler Messages



----------------
; Legal Notice ;
----------------
Copyright (C) 2020  Intel Corporation. All rights reserved.
Your use of Intel Corporation's design tools, logic functions 
and other software and tools, and any partner logic 
functions, and any output files from any of the foregoing 
(including device programming or simulation files), and any 
associated documentation or information are expressly subject 
to the terms and conditions of the Intel Program License 
Subscription Agreement, the Intel Quartus Prime License Agreement,
the Intel FPGA IP License Agreement, or other applicable license
agreement, including, without limitation, that your use is for
the sole purpose of programming logic devices manufactured by
Intel and sold by Intel or its authorized distributors.  Please
refer to the applicable agreement for further details, at
https://fpgasoftware.intel.com/eula.



+---------------------------------------------------------------+
; Assembler Summary                                             ;
+-----------------------+---------------------------------------+
; Assembler Status      ; Successful - Thu Mar 27 20:21:55 2025 ;
; Revision Name         ; SCOMP                                 ;
; Top-level Entity Name ; SCOMP_System                          ;
; Family                ; Cyclone V                             ;
; Device                ; 5CSXFC6D6F31C6                        ;
+-----------------------+---------------------------------------+


+----------------------------------+
; Assembler Settings               ;
+--------+---------+---------------+
; Option ; Setting ; Default Value ;
+--------+---------+---------------+


+------------------------------------------------+
; Assembler Encrypted IP Cores Summary           ;
+--------+------------------------+--------------+
; Vendor ; IP Core Name           ; License Type ;
+--------+------------------------+--------------+
; Altera ; Signal Tap (6AF7 BCE1) ; Licensed     ;
; Altera ; Signal Tap (6AF7 BCEC) ; Licensed     ;
+--------+------------------------+--------------+


+--------------------------------------------------------------------------------------+
; Assembler Generated Files                                                            ;
+--------------------------------------------------------------------------------------+
; File Name                                                                            ;
+--------------------------------------------------------------------------------------+
; D:/Quartus Prime Lite/ECE2031/Final Proj/ECE2031_FinalProject/output_files/SCOMP.sof ;
+--------------------------------------------------------------------------------------+


+----------------------------------------------------------------------------------------------------------------+
; Assembler Device Options: D:/Quartus Prime Lite/ECE2031/Final Proj/ECE2031_FinalProject/output_files/SCOMP.sof ;
+----------------+-----------------------------------------------------------------------------------------------+
; Option         ; Setting                                                                                       ;
+----------------+-----------------------------------------------------------------------------------------------+
; JTAG usercode  ; 0x00E288CB                                                                                    ;
; Checksum       ; 0x00E288CB                                                                                    ;
+----------------+-----------------------------------------------------------------------------------------------+


+--------------------+
; Assembler Messages ;
+--------------------+
Info: *******************************************************************
Info: Running Quartus Prime Assembler
    Info: Version 20.1.1 Build 720 11/11/2020 SJ Lite Edition
    Info: Processing started: Thu Mar 27 19:08:41 2025
Info: Command: quartus_asm --read_settings_files=off --write_settings_files=off SCOMP -c SCOMP
Info (115030): Assembler is generating device programming files
Info: Quartus Prime Assembler was successful. 0 errors, 0 warnings
    Info: Peak virtual memory: 4848 megabytes
    Info: Processing ended: Thu Mar 27 20:21:58 2025
    Info: Elapsed time: 01:13:17
    Info: Total CPU time (on all processors): 00:00:16


